<?xml version="1.0" encoding="UTF-8"?>
<!-- Generated by org.testng.reporters.JUnitReportReporter -->
<testsuite hostname="LAPTOP-VLV22PPU" failures="0" tests="1" name="Com.OrangeHRM.TestCases.ConfigurationPageTest" time="21.056" errors="0" timestamp="2022-10-18T02:02:39 IST" skipped="0">
  <testcase classname="Com.OrangeHRM.TestCases.ConfigurationPageTest" name="ConfigList" time="21.056"/>
  <system-out/>
</testsuite> <!-- Com.OrangeHRM.TestCases.ConfigurationPageTest -->
